<?xml version="1.0" encoding="UTF-8"?>
<coverage generated="1706427944163" clover="3.2.0">
  <project timestamp="1706427944163" name="All files">
    <metrics statements="64" coveredstatements="61" conditionals="19" coveredconditionals="18" methods="17" coveredmethods="16" elements="100" coveredelements="95" complexity="0" loc="64" ncloc="64" packages="5" files="8" classes="8"/>
    <package name="api-gateway">
      <metrics statements="11" coveredstatements="8" conditionals="2" coveredconditionals="1" methods="2" coveredmethods="1"/>
      <file name="index.ts" path="/Users/greatng/personal_works/Frontend-assignment-2022-main/packages/api-gateway/index.ts">
        <metrics statements="11" coveredstatements="8" conditionals="2" coveredconditionals="1" methods="2" coveredmethods="1"/>
        <line num="5" count="1" type="stmt"/>
        <line num="7" count="1" type="stmt"/>
        <line num="9" count="1" type="stmt"/>
        <line num="10" count="1" type="stmt"/>
        <line num="11" count="1" type="stmt"/>
        <line num="13" count="1" type="stmt"/>
        <line num="15" count="1" type="stmt"/>
        <line num="16" count="1" type="cond" truecount="1" falsecount="1"/>
        <line num="17" count="0" type="stmt"/>
        <line num="18" count="0" type="stmt"/>
        <line num="22" count="0" type="stmt"/>
      </file>
    </package>
    <package name="api-gateway.src.routes">
      <metrics statements="3" coveredstatements="3" conditionals="0" coveredconditionals="0" methods="0" coveredmethods="0"/>
      <file name="routes.ts" path="/Users/greatng/personal_works/Frontend-assignment-2022-main/packages/api-gateway/src/routes/routes.ts">
        <metrics statements="3" coveredstatements="3" conditionals="0" coveredconditionals="0" methods="0" coveredmethods="0"/>
        <line num="5" count="1" type="stmt"/>
        <line num="7" count="1" type="stmt"/>
        <line num="8" count="1" type="stmt"/>
      </file>
    </package>
    <package name="api-gateway.src.routes.menus">
      <metrics statements="16" coveredstatements="16" conditionals="7" coveredconditionals="7" methods="6" coveredmethods="6"/>
      <file name="menus.controller.ts" path="/Users/greatng/personal_works/Frontend-assignment-2022-main/packages/api-gateway/src/routes/menus/menus.controller.ts">
        <metrics statements="8" coveredstatements="8" conditionals="5" coveredconditionals="5" methods="3" coveredmethods="3"/>
        <line num="11" count="2" type="stmt"/>
        <line num="12" count="4" type="stmt"/>
        <line num="14" count="4" type="cond" truecount="5" falsecount="0"/>
        <line num="15" count="3" type="stmt"/>
        <line num="21" count="2" type="stmt"/>
        <line num="24" count="1" type="stmt"/>
        <line num="26" count="1" type="stmt"/>
        <line num="31" count="1" type="stmt"/>
      </file>
      <file name="menus.service.ts" path="/Users/greatng/personal_works/Frontend-assignment-2022-main/packages/api-gateway/src/routes/menus/menus.service.ts">
        <metrics statements="8" coveredstatements="8" conditionals="2" coveredconditionals="2" methods="3" coveredmethods="3"/>
        <line num="3" count="2" type="stmt"/>
        <line num="8" count="3" type="stmt"/>
        <line num="9" count="3" type="stmt"/>
        <line num="11" count="3" type="cond" truecount="2" falsecount="0"/>
        <line num="12" count="1" type="stmt"/>
        <line num="15" count="2" type="stmt"/>
        <line num="18" count="2" type="stmt"/>
        <line num="21" count="3" type="stmt"/>
      </file>
    </package>
    <package name="api-gateway.src.routes.restaurants">
      <metrics statements="21" coveredstatements="21" conditionals="6" coveredconditionals="6" methods="6" coveredmethods="6"/>
      <file name="restaurants.controller.ts" path="/Users/greatng/personal_works/Frontend-assignment-2022-main/packages/api-gateway/src/routes/restaurants/restaurants.controller.ts">
        <metrics statements="8" coveredstatements="8" conditionals="2" coveredconditionals="2" methods="3" coveredmethods="3"/>
        <line num="10" count="2" type="stmt"/>
        <line num="11" count="4" type="stmt"/>
        <line num="13" count="4" type="cond" truecount="2" falsecount="0"/>
        <line num="14" count="3" type="stmt"/>
        <line num="16" count="2" type="stmt"/>
        <line num="19" count="1" type="stmt"/>
        <line num="21" count="1" type="stmt"/>
        <line num="26" count="1" type="stmt"/>
      </file>
      <file name="restaurants.service.ts" path="/Users/greatng/personal_works/Frontend-assignment-2022-main/packages/api-gateway/src/routes/restaurants/restaurants.service.ts">
        <metrics statements="13" coveredstatements="13" conditionals="4" coveredconditionals="4" methods="3" coveredmethods="3"/>
        <line num="5" count="2" type="stmt"/>
        <line num="7" count="2" type="stmt"/>
        <line num="10" count="4" type="stmt"/>
        <line num="12" count="4" type="cond" truecount="2" falsecount="0"/>
        <line num="13" count="1" type="stmt"/>
        <line num="15" count="3" type="stmt"/>
        <line num="16" count="3" type="stmt"/>
        <line num="18" count="3" type="cond" truecount="2" falsecount="0"/>
        <line num="19" count="1" type="stmt"/>
        <line num="22" count="2" type="stmt"/>
        <line num="25" count="2" type="stmt"/>
        <line num="27" count="2" type="stmt"/>
        <line num="30" count="3" type="stmt"/>
      </file>
    </package>
    <package name="api-gateway.src.utils">
      <metrics statements="13" coveredstatements="13" conditionals="4" coveredconditionals="4" methods="3" coveredmethods="3"/>
      <file name="cache.utils.ts" path="/Users/greatng/personal_works/Frontend-assignment-2022-main/packages/api-gateway/src/utils/cache.utils.ts">
        <metrics statements="11" coveredstatements="11" conditionals="4" coveredconditionals="4" methods="2" coveredmethods="2"/>
        <line num="2" count="5" type="stmt"/>
        <line num="3" count="5" type="stmt"/>
        <line num="6" count="4" type="stmt"/>
        <line num="7" count="4" type="stmt"/>
        <line num="9" count="4" type="cond" truecount="4" falsecount="0"/>
        <line num="10" count="1" type="stmt"/>
        <line num="11" count="1" type="stmt"/>
        <line num="12" count="1" type="stmt"/>
        <line num="15" count="3" type="stmt"/>
        <line num="19" count="4" type="stmt"/>
        <line num="20" count="4" type="stmt"/>
      </file>
      <file name="logger.utils.ts" path="/Users/greatng/personal_works/Frontend-assignment-2022-main/packages/api-gateway/src/utils/logger.utils.ts">
        <metrics statements="2" coveredstatements="2" conditionals="0" coveredconditionals="0" methods="1" coveredmethods="1"/>
        <line num="1" count="2" type="stmt"/>
        <line num="2" count="1" type="stmt"/>
      </file>
    </package>
  </project>
</coverage>
