{"/Users/greatng/personal_works/Frontend-assignment-2022-main/packages/api-gateway/index.ts": {"path":"/Users/greatng/personal_works/Frontend-assignment-2022-main/packages/api-gateway/index.ts","statementMap":{"0":{"start":{"line":5,"column":32},"end":{"line":5,"column":41}},"1":{"start":{"line":7,"column":13},"end":{"line":7,"column":17}},"2":{"start":{"line":9,"column":0},"end":{"line":9,"column":24}},"3":{"start":{"line":10,"column":0},"end":{"line":10,"column":48}},"4":{"start":{"line":11,"column":0},"end":{"line":11,"column":24}},"5":{"start":{"line":13,"column":0},"end":{"line":13,"column":77}},"6":{"start":{"line":13,"column":27},"end":{"line":13,"column":75}},"7":{"start":{"line":15,"column":0},"end":{"line":23,"column":1}},"8":{"start":{"line":16,"column":4},"end":{"line":20,"column":5}},"9":{"start":{"line":17,"column":8},"end":{"line":19,"column":11}},"10":{"start":{"line":18,"column":12},"end":{"line":18,"column":58}},"11":{"start":{"line":22,"column":4},"end":{"line":22,"column":64}}},"fnMap":{"0":{"name":"(anonymous_0)","decl":{"start":{"line":13,"column":13},"end":{"line":13,"column":14}},"loc":{"start":{"line":13,"column":27},"end":{"line":13,"column":75}},"line":13},"1":{"name":"(anonymous_1)","decl":{"start":{"line":17,"column":25},"end":{"line":17,"column":26}},"loc":{"start":{"line":17,"column":37},"end":{"line":19,"column":9}},"line":17}},"branchMap":{"0":{"loc":{"start":{"line":16,"column":4},"end":{"line":20,"column":5}},"type":"if","locations":[{"start":{"line":16,"column":4},"end":{"line":20,"column":5}},{"start":{},"end":{}}],"line":16}},"s":{"0":1,"1":1,"2":1,"3":1,"4":1,"5":1,"6":1,"7":1,"8":1,"9":0,"10":0,"11":0},"f":{"0":1,"1":0},"b":{"0":[0,1]},"_coverageSchema":"1a1c01bbd47fc00a2c39e90264f33305004495a9","hash":"92f4357d0175a8016ec8c3da33bc7ff770ce2d2c"}
,"/Users/greatng/personal_works/Frontend-assignment-2022-main/packages/api-gateway/src/routes/routes.ts": {"path":"/Users/greatng/personal_works/Frontend-assignment-2022-main/packages/api-gateway/src/routes/routes.ts","statementMap":{"0":{"start":{"line":5,"column":12},"end":{"line":5,"column":20}},"1":{"start":{"line":7,"column":0},"end":{"line":7,"column":79}},"2":{"start":{"line":8,"column":0},"end":{"line":11,"column":2}}},"fnMap":{},"branchMap":{},"s":{"0":1,"1":1,"2":1},"f":{},"b":{},"_coverageSchema":"1a1c01bbd47fc00a2c39e90264f33305004495a9","hash":"f0330581fba58a098a8d611ee1883b22056db35d"}
,"/Users/greatng/personal_works/Frontend-assignment-2022-main/packages/api-gateway/src/routes/menus/menus.controller.ts": {"path":"/Users/greatng/personal_works/Frontend-assignment-2022-main/packages/api-gateway/src/routes/menus/menus.controller.ts","statementMap":{"0":{"start":{"line":11,"column":31},"end":{"line":33,"column":1}},"1":{"start":{"line":12,"column":23},"end":{"line":12,"column":26}},"2":{"start":{"line":14,"column":4},"end":{"line":32,"column":5}},"3":{"start":{"line":15,"column":8},"end":{"line":29,"column":15}},"4":{"start":{"line":21,"column":16},"end":{"line":21,"column":31}},"5":{"start":{"line":24,"column":16},"end":{"line":24,"column":43}},"6":{"start":{"line":26,"column":16},"end":{"line":28,"column":19}},"7":{"start":{"line":31,"column":8},"end":{"line":31,"column":47}}},"fnMap":{"0":{"name":"(anonymous_0)","decl":{"start":{"line":11,"column":31},"end":{"line":11,"column":32}},"loc":{"start":{"line":11,"column":70},"end":{"line":33,"column":1}},"line":11},"1":{"name":"(anonymous_1)","decl":{"start":{"line":20,"column":18},"end":{"line":20,"column":19}},"loc":{"start":{"line":20,"column":28},"end":{"line":22,"column":13}},"line":20},"2":{"name":"(anonymous_2)","decl":{"start":{"line":23,"column":19},"end":{"line":23,"column":20}},"loc":{"start":{"line":23,"column":37},"end":{"line":29,"column":13}},"line":23}},"branchMap":{"0":{"loc":{"start":{"line":14,"column":4},"end":{"line":32,"column":5}},"type":"if","locations":[{"start":{"line":14,"column":4},"end":{"line":32,"column":5}},{"start":{"line":30,"column":11},"end":{"line":32,"column":5}}],"line":14},"1":{"loc":{"start":{"line":14,"column":8},"end":{"line":14,"column":68}},"type":"binary-expr","locations":[{"start":{"line":14,"column":8},"end":{"line":14,"column":28}},{"start":{"line":14,"column":32},"end":{"line":14,"column":48}},{"start":{"line":14,"column":52},"end":{"line":14,"column":68}}],"line":14}},"s":{"0":2,"1":4,"2":4,"3":3,"4":2,"5":1,"6":1,"7":1},"f":{"0":4,"1":2,"2":1},"b":{"0":[3,1],"1":[4,3,3]},"_coverageSchema":"1a1c01bbd47fc00a2c39e90264f33305004495a9","hash":"83552d0b4469d884dc966a2dc3c5ad12fbd80895"}
,"/Users/greatng/personal_works/Frontend-assignment-2022-main/packages/api-gateway/src/routes/menus/menus.service.ts": {"path":"/Users/greatng/personal_works/Frontend-assignment-2022-main/packages/api-gateway/src/routes/menus/menus.service.ts","statementMap":{"0":{"start":{"line":3,"column":28},"end":{"line":22,"column":1}},"1":{"start":{"line":8,"column":24},"end":{"line":8,"column":117}},"2":{"start":{"line":9,"column":21},"end":{"line":19,"column":10}},"3":{"start":{"line":11,"column":12},"end":{"line":13,"column":13}},"4":{"start":{"line":12,"column":16},"end":{"line":12,"column":48}},"5":{"start":{"line":15,"column":12},"end":{"line":15,"column":30}},"6":{"start":{"line":18,"column":12},"end":{"line":18,"column":24}},"7":{"start":{"line":21,"column":4},"end":{"line":21,"column":20}}},"fnMap":{"0":{"name":"(anonymous_0)","decl":{"start":{"line":3,"column":28},"end":{"line":3,"column":29}},"loc":{"start":{"line":7,"column":20},"end":{"line":22,"column":1}},"line":7},"1":{"name":"(anonymous_1)","decl":{"start":{"line":10,"column":14},"end":{"line":10,"column":15}},"loc":{"start":{"line":10,"column":23},"end":{"line":16,"column":9}},"line":10},"2":{"name":"(anonymous_2)","decl":{"start":{"line":17,"column":14},"end":{"line":17,"column":15}},"loc":{"start":{"line":17,"column":30},"end":{"line":19,"column":9}},"line":17}},"branchMap":{"0":{"loc":{"start":{"line":11,"column":12},"end":{"line":13,"column":13}},"type":"if","locations":[{"start":{"line":11,"column":12},"end":{"line":13,"column":13}},{"start":{},"end":{}}],"line":11}},"s":{"0":2,"1":3,"2":3,"3":3,"4":1,"5":2,"6":2,"7":3},"f":{"0":3,"1":3,"2":2},"b":{"0":[1,2]},"_coverageSchema":"1a1c01bbd47fc00a2c39e90264f33305004495a9","hash":"a5ddbdca9afd55d45539c5f156cbbdabadf58cb9"}
,"/Users/greatng/personal_works/Frontend-assignment-2022-main/packages/api-gateway/src/routes/restaurants/restaurants.controller.ts": {"path":"/Users/greatng/personal_works/Frontend-assignment-2022-main/packages/api-gateway/src/routes/restaurants/restaurants.controller.ts","statementMap":{"0":{"start":{"line":10,"column":37},"end":{"line":28,"column":1}},"1":{"start":{"line":11,"column":23},"end":{"line":11,"column":26}},"2":{"start":{"line":13,"column":4},"end":{"line":27,"column":5}},"3":{"start":{"line":14,"column":8},"end":{"line":24,"column":15}},"4":{"start":{"line":16,"column":16},"end":{"line":16,"column":31}},"5":{"start":{"line":19,"column":16},"end":{"line":19,"column":43}},"6":{"start":{"line":21,"column":16},"end":{"line":23,"column":19}},"7":{"start":{"line":26,"column":8},"end":{"line":26,"column":37}}},"fnMap":{"0":{"name":"(anonymous_0)","decl":{"start":{"line":10,"column":37},"end":{"line":10,"column":38}},"loc":{"start":{"line":10,"column":76},"end":{"line":28,"column":1}},"line":10},"1":{"name":"(anonymous_1)","decl":{"start":{"line":15,"column":18},"end":{"line":15,"column":19}},"loc":{"start":{"line":15,"column":28},"end":{"line":17,"column":13}},"line":15},"2":{"name":"(anonymous_2)","decl":{"start":{"line":18,"column":19},"end":{"line":18,"column":20}},"loc":{"start":{"line":18,"column":37},"end":{"line":24,"column":13}},"line":18}},"branchMap":{"0":{"loc":{"start":{"line":13,"column":4},"end":{"line":27,"column":5}},"type":"if","locations":[{"start":{"line":13,"column":4},"end":{"line":27,"column":5}},{"start":{"line":25,"column":11},"end":{"line":27,"column":5}}],"line":13}},"s":{"0":2,"1":4,"2":4,"3":3,"4":2,"5":1,"6":1,"7":1},"f":{"0":4,"1":2,"2":1},"b":{"0":[3,1]},"_coverageSchema":"1a1c01bbd47fc00a2c39e90264f33305004495a9","hash":"03916b353012fdfc9587fe8d1177b16f8a349b29"}
,"/Users/greatng/personal_works/Frontend-assignment-2022-main/packages/api-gateway/src/routes/restaurants/restaurants.service.ts": {"path":"/Users/greatng/personal_works/Frontend-assignment-2022-main/packages/api-gateway/src/routes/restaurants/restaurants.service.ts","statementMap":{"0":{"start":{"line":5,"column":24},"end":{"line":5,"column":51}},"1":{"start":{"line":7,"column":34},"end":{"line":32,"column":1}},"2":{"start":{"line":10,"column":15},"end":{"line":10,"column":48}},"3":{"start":{"line":12,"column":4},"end":{"line":31,"column":5}},"4":{"start":{"line":13,"column":8},"end":{"line":13,"column":20}},"5":{"start":{"line":15,"column":28},"end":{"line":15,"column":91}},"6":{"start":{"line":16,"column":25},"end":{"line":28,"column":14}},"7":{"start":{"line":18,"column":16},"end":{"line":20,"column":17}},"8":{"start":{"line":19,"column":20},"end":{"line":19,"column":52}},"9":{"start":{"line":22,"column":16},"end":{"line":22,"column":34}},"10":{"start":{"line":25,"column":16},"end":{"line":25,"column":74}},"11":{"start":{"line":27,"column":16},"end":{"line":27,"column":28}},"12":{"start":{"line":30,"column":8},"end":{"line":30,"column":24}}},"fnMap":{"0":{"name":"(anonymous_0)","decl":{"start":{"line":7,"column":34},"end":{"line":7,"column":35}},"loc":{"start":{"line":9,"column":26},"end":{"line":32,"column":1}},"line":9},"1":{"name":"(anonymous_1)","decl":{"start":{"line":17,"column":18},"end":{"line":17,"column":19}},"loc":{"start":{"line":17,"column":27},"end":{"line":23,"column":13}},"line":17},"2":{"name":"(anonymous_2)","decl":{"start":{"line":24,"column":18},"end":{"line":24,"column":19}},"loc":{"start":{"line":24,"column":40},"end":{"line":28,"column":13}},"line":24}},"branchMap":{"0":{"loc":{"start":{"line":12,"column":4},"end":{"line":31,"column":5}},"type":"if","locations":[{"start":{"line":12,"column":4},"end":{"line":31,"column":5}},{"start":{"line":14,"column":11},"end":{"line":31,"column":5}}],"line":12},"1":{"loc":{"start":{"line":18,"column":16},"end":{"line":20,"column":17}},"type":"if","locations":[{"start":{"line":18,"column":16},"end":{"line":20,"column":17}},{"start":{},"end":{}}],"line":18}},"s":{"0":2,"1":2,"2":4,"3":4,"4":1,"5":3,"6":3,"7":3,"8":1,"9":2,"10":2,"11":2,"12":3},"f":{"0":4,"1":3,"2":2},"b":{"0":[1,3],"1":[1,2]},"_coverageSchema":"1a1c01bbd47fc00a2c39e90264f33305004495a9","hash":"b7d9d66617a632bac3c328c66522a3152dea7403"}
,"/Users/greatng/personal_works/Frontend-assignment-2022-main/packages/api-gateway/src/utils/cache.utils.ts": {"path":"/Users/greatng/personal_works/Frontend-assignment-2022-main/packages/api-gateway/src/utils/cache.utils.ts","statementMap":{"0":{"start":{"line":2,"column":38},"end":{"line":2,"column":47}},"1":{"start":{"line":3,"column":44},"end":{"line":3,"column":53}},"2":{"start":{"line":6,"column":20},"end":{"line":6,"column":30}},"3":{"start":{"line":7,"column":31},"end":{"line":7,"column":53}},"4":{"start":{"line":9,"column":8},"end":{"line":13,"column":9}},"5":{"start":{"line":10,"column":12},"end":{"line":10,"column":35}},"6":{"start":{"line":11,"column":12},"end":{"line":11,"column":38}},"7":{"start":{"line":12,"column":12},"end":{"line":12,"column":29}},"8":{"start":{"line":15,"column":8},"end":{"line":15,"column":35}},"9":{"start":{"line":19,"column":8},"end":{"line":19,"column":49}},"10":{"start":{"line":20,"column":8},"end":{"line":20,"column":35}}},"fnMap":{"0":{"name":"(anonymous_0)","decl":{"start":{"line":5,"column":4},"end":{"line":5,"column":5}},"loc":{"start":{"line":5,"column":43},"end":{"line":16,"column":5}},"line":5},"1":{"name":"(anonymous_1)","decl":{"start":{"line":18,"column":4},"end":{"line":18,"column":5}},"loc":{"start":{"line":18,"column":57},"end":{"line":21,"column":5}},"line":18}},"branchMap":{"0":{"loc":{"start":{"line":9,"column":8},"end":{"line":13,"column":9}},"type":"if","locations":[{"start":{"line":9,"column":8},"end":{"line":13,"column":9}},{"start":{},"end":{}}],"line":9},"1":{"loc":{"start":{"line":9,"column":12},"end":{"line":9,"column":50}},"type":"binary-expr","locations":[{"start":{"line":9,"column":12},"end":{"line":9,"column":26}},{"start":{"line":9,"column":30},"end":{"line":9,"column":50}}],"line":9}},"s":{"0":5,"1":5,"2":4,"3":4,"4":4,"5":1,"6":1,"7":1,"8":3,"9":4,"10":4},"f":{"0":4,"1":4},"b":{"0":[1,3],"1":[4,2]},"_coverageSchema":"1a1c01bbd47fc00a2c39e90264f33305004495a9","hash":"04f51a30f38437b2566b2b6d5e3e4d760750a559"}
,"/Users/greatng/personal_works/Frontend-assignment-2022-main/packages/api-gateway/src/utils/logger.utils.ts": {"path":"/Users/greatng/personal_works/Frontend-assignment-2022-main/packages/api-gateway/src/utils/logger.utils.ts","statementMap":{"0":{"start":{"line":1,"column":27},"end":{"line":3,"column":1}},"1":{"start":{"line":2,"column":4},"end":{"line":2,"column":39}}},"fnMap":{"0":{"name":"(anonymous_0)","decl":{"start":{"line":1,"column":27},"end":{"line":1,"column":28}},"loc":{"start":{"line":1,"column":54},"end":{"line":3,"column":1}},"line":1}},"branchMap":{},"s":{"0":2,"1":1},"f":{"0":1},"b":{},"_coverageSchema":"1a1c01bbd47fc00a2c39e90264f33305004495a9","hash":"ea47779e259749d99bdb9480334d061f37cbaab6"}
}
