TN:
SF:index.ts
FN:13,(anonymous_0)
FN:17,(anonymous_1)
FNF:2
FNH:1
FNDA:1,(anonymous_0)
FNDA:0,(anonymous_1)
DA:5,1
DA:7,1
DA:9,1
DA:10,1
DA:11,1
DA:13,1
DA:15,1
DA:16,1
DA:17,0
DA:18,0
DA:22,0
LF:11
LH:8
BRDA:16,0,0,0
BRDA:16,0,1,1
BRF:2
BRH:1
end_of_record
TN:
SF:src/routes/routes.ts
FNF:0
FNH:0
DA:5,1
DA:7,1
DA:8,1
LF:3
LH:3
BRF:0
BRH:0
end_of_record
TN:
SF:src/routes/menus/menus.controller.ts
FN:11,(anonymous_0)
FN:20,(anonymous_1)
FN:23,(anonymous_2)
FNF:3
FNH:3
FNDA:4,(anonymous_0)
FNDA:2,(anonymous_1)
FNDA:1,(anonymous_2)
DA:11,2
DA:12,4
DA:14,4
DA:15,3
DA:21,2
DA:24,1
DA:26,1
DA:31,1
LF:8
LH:8
BRDA:14,0,0,3
BRDA:14,0,1,1
BRDA:14,1,0,4
BRDA:14,1,1,3
BRDA:14,1,2,3
BRF:5
BRH:5
end_of_record
TN:
SF:src/routes/menus/menus.service.ts
FN:3,(anonymous_0)
FN:10,(anonymous_1)
FN:17,(anonymous_2)
FNF:3
FNH:3
FNDA:3,(anonymous_0)
FNDA:3,(anonymous_1)
FNDA:2,(anonymous_2)
DA:3,2
DA:8,3
DA:9,3
DA:11,3
DA:12,1
DA:15,2
DA:18,2
DA:21,3
LF:8
LH:8
BRDA:11,0,0,1
BRDA:11,0,1,2
BRF:2
BRH:2
end_of_record
TN:
SF:src/routes/restaurants/restaurants.controller.ts
FN:10,(anonymous_0)
FN:15,(anonymous_1)
FN:18,(anonymous_2)
FNF:3
FNH:3
FNDA:4,(anonymous_0)
FNDA:2,(anonymous_1)
FNDA:1,(anonymous_2)
DA:10,2
DA:11,4
DA:13,4
DA:14,3
DA:16,2
DA:19,1
DA:21,1
DA:26,1
LF:8
LH:8
BRDA:13,0,0,3
BRDA:13,0,1,1
BRF:2
BRH:2
end_of_record
TN:
SF:src/routes/restaurants/restaurants.service.ts
FN:7,(anonymous_0)
FN:17,(anonymous_1)
FN:24,(anonymous_2)
FNF:3
FNH:3
FNDA:4,(anonymous_0)
FNDA:3,(anonymous_1)
FNDA:2,(anonymous_2)
DA:5,2
DA:7,2
DA:10,4
DA:12,4
DA:13,1
DA:15,3
DA:16,3
DA:18,3
DA:19,1
DA:22,2
DA:25,2
DA:27,2
DA:30,3
LF:13
LH:13
BRDA:12,0,0,1
BRDA:12,0,1,3
BRDA:18,1,0,1
BRDA:18,1,1,2
BRF:4
BRH:4
end_of_record
TN:
SF:src/utils/cache.utils.ts
FN:5,(anonymous_0)
FN:18,(anonymous_1)
FNF:2
FNH:2
FNDA:4,(anonymous_0)
FNDA:4,(anonymous_1)
DA:2,5
DA:3,5
DA:6,4
DA:7,4
DA:9,4
DA:10,1
DA:11,1
DA:12,1
DA:15,3
DA:19,4
DA:20,4
LF:11
LH:11
BRDA:9,0,0,1
BRDA:9,0,1,3
BRDA:9,1,0,4
BRDA:9,1,1,2
BRF:4
BRH:4
end_of_record
TN:
SF:src/utils/logger.utils.ts
FN:1,(anonymous_0)
FNF:1
FNH:1
FNDA:1,(anonymous_0)
DA:1,2
DA:2,1
LF:2
LH:2
BRF:0
BRH:0
end_of_record
